[ERROR] 2018-11-23 09:46:52,064 com.webtest.utils.Log - com.webtest.demo.Front_Login_Test@5d7148e2-LoginFail运行失败，需要截屏
[ERROR] 2018-11-23 09:48:56,492 com.webtest.utils.Log - com.webtest.demo.Front_Login_Test@5d7148e2-LoginFail运行失败，需要截屏
[ERROR] 2018-11-23 09:49:59,064 com.webtest.utils.Log - com.webtest.demo.Front_Login_Test@5d7148e2-LoginFail运行失败，需要截屏
[ERROR] 2018-11-23 09:52:45,022 com.webtest.utils.Log - com.webtest.demo.Front_Login_Test@5d7148e2-LoginFail运行失败，需要截屏
[ERROR] 2018-11-23 10:10:54,401 com.webtest.utils.Log - com.webtest.demo.Front_Login_Test@353352b6-LoginFail运行失败，需要截屏
[ERROR] 2018-11-23 10:10:55,796 com.webtest.utils.Log - com.webtest.demo.Front_Login_Test@353352b6-LoginFail运行失败，需要截屏
[ERROR] 2018-11-23 10:17:11,365 com.webtest.utils.Log - com.webtest.demo.Front_Login_Test@353352b6-LoginFail运行失败，需要截屏
[ERROR] 2018-11-23 10:17:11,634 com.webtest.utils.Log - com.webtest.demo.Front_Login_Test@353352b6-LoginFail运行失败，需要截屏
[ERROR] 2018-11-23 11:10:35,564 com.webtest.utils.Log - com.webtest.demo.Front_Login_Test@6fa51cd4-LoginFail运行失败，需要截屏
[ERROR] 2018-11-23 11:10:37,417 com.webtest.utils.Log - com.webtest.demo.Front_Login_Test@6fa51cd4-LoginFail运行失败，需要截屏
[ERROR] 2018-11-23 11:10:46,081 com.webtest.utils.Log - com.webtest.demo.Front_Login_Test@6fa51cd4-LoginSuccess运行失败，需要截屏
[ERROR] 2018-11-23 11:10:46,091 com.webtest.utils.Log - com.webtest.demo.Front_Login_Test@6fa51cd4-LoginSuccess运行失败，需要截屏
[ERROR] 2018-11-23 13:59:07,602 com.webtest.utils.Log - com.webtest.demo.Front_Login_Test@6fa51cd4-LoginFail运行失败，需要截屏
[ERROR] 2018-11-23 13:59:09,059 com.webtest.utils.Log - com.webtest.demo.Front_Login_Test@6fa51cd4-LoginFail运行失败，需要截屏
[ERROR] 2018-11-23 14:00:44,047 com.webtest.utils.Log - com.webtest.demo.Front_Login_Test@6cd28fa7-LoginFail运行失败，需要截屏
[ERROR] 2018-11-28 15:57:39,600 com.webtest.utils.Log - com.webtest.demo.Front_Login_Test@6cd28fa7-LoginFail运行失败，需要截屏
[ERROR] 2018-11-28 15:59:41,417 com.webtest.utils.Log - com.webtest.demo.Front_Login_Test@6cd28fa7-LoginFail运行失败，需要截屏
[ERROR] 2018-11-28 16:04:02,727 com.webtest.utils.Log - com.webtest.demo.Front_Login_Test@6cd28fa7-LoginFail运行失败，需要截屏
[ERROR] 2018-11-28 16:25:36,750 com.webtest.utils.Log - com.webtest.demo.Front_Login_Test@58695725-LoginFail运行失败，需要截屏
[ERROR] 2018-11-28 16:26:19,158 com.webtest.utils.Log - com.webtest.demo.Front_Login_Test@58695725-LoginFail运行失败，需要截屏
[ERROR] 2018-11-28 16:30:41,823 com.webtest.utils.Log - com.webtest.demo.Front_Login_Test@6cd28fa7-LoginFail运行失败，需要截屏
[ERROR] 2018-11-28 16:31:26,706 com.webtest.utils.Log - com.webtest.demo.Front_Login_Test@6cd28fa7-LoginFail运行失败，需要截屏
[ERROR] 2018-11-28 16:40:46,832 com.webtest.utils.Log - com.webtest.demo.Front_Login_Test@614ca7df-LoginFail运行失败，需要截屏
[ERROR] 2018-11-28 16:41:58,823 com.webtest.utils.Log - com.webtest.demo.Front_Login_Test@614ca7df-LoginFail运行失败，需要截屏
[ERROR] 2018-11-28 16:43:55,531 com.webtest.utils.Log - com.webtest.demo.Front_Login_Test@614ca7df-LoginFail运行失败，需要截屏
[ERROR] 2018-11-28 16:46:19,977 com.webtest.utils.Log - com.webtest.demo.Front_Login_Test@6cd28fa7-LoginFail运行失败，需要截屏
[ERROR] 2018-11-28 16:47:35,753 com.webtest.utils.Log - com.webtest.demo.Front_Login_Test@6cd28fa7-LoginFail运行失败，需要截屏
[ERROR] 2018-11-28 16:48:27,404 com.webtest.utils.Log - com.webtest.demo.Front_Login_Test@6cd28fa7-LoginFail运行失败，需要截屏
[ERROR] 2018-11-28 16:51:18,106 com.webtest.utils.Log - com.webtest.demo.Front_Login_Test@6cd28fa7-LoginFail运行失败，需要截屏
[ERROR] 2018-11-30 09:31:06,810 com.webtest.utils.Log - com.webtest.demo.Front_Login_Test@6cd28fa7-LoginFail运行失败，需要截屏
[ERROR] 2018-11-30 09:32:11,579 com.webtest.utils.Log - com.webtest.demo.Front_Login_Test@6cd28fa7-LoginFail运行失败，需要截屏
[ERROR] 2018-11-30 09:52:41,579 com.webtest.utils.Log - com.webtest.demo.Front_Login_Test@614ca7df-KnowLedegeExchange运行失败，需要截屏
[ERROR] 2018-11-30 09:52:52,172 com.webtest.utils.Log - com.webtest.demo.Front_Login_Test@614ca7df-LoginFail运行失败，需要截屏
[ERROR] 2018-11-30 10:04:07,442 com.webtest.utils.Log - com.webtest.demo.Front_Login_Test@614ca7df-KnowLedegeExchange运行失败，需要截屏
[ERROR] 2018-11-30 10:04:15,725 com.webtest.utils.Log - com.webtest.demo.Front_Login_Test@614ca7df-LoginFail运行失败，需要截屏
[ERROR] 2018-11-30 10:07:59,391 com.webtest.utils.Log - com.webtest.demo.Front_Login_Test@614ca7df-KnowLedegeExchange运行失败，需要截屏
[ERROR] 2018-11-30 10:08:07,887 com.webtest.utils.Log - com.webtest.demo.Front_Login_Test@614ca7df-LoginFail运行失败，需要截屏
[ERROR] 2018-11-30 10:10:41,510 com.webtest.utils.Log - com.webtest.demo.Front_Login_Test@614ca7df-KnowLedegeExchange运行失败，需要截屏
[ERROR] 2018-11-30 10:10:49,766 com.webtest.utils.Log - com.webtest.demo.Front_Login_Test@614ca7df-LoginFail运行失败，需要截屏
[ERROR] 2018-11-30 10:20:37,245 com.webtest.utils.Log - com.webtest.demo.Front_Login_Test@614ca7df-LoginFail运行失败，需要截屏
[ERROR] 2018-11-30 10:20:46,699 com.webtest.utils.Log - com.webtest.demo.Front_Login_Test@614ca7df-KnowLedegeExchange运行失败，需要截屏
[ERROR] 2018-11-30 10:32:15,337 com.webtest.utils.Log - com.webtest.demo.KnowLedge_Exchange_Test@7e7be63f-KnowLedegeExchange运行失败，需要截屏
[ERROR] 2018-11-30 10:38:33,697 com.webtest.utils.Log - com.webtest.demo.Front_Login_Test@614ca7df-LoginFail运行失败，需要截屏
[ERROR] 2018-11-30 10:38:41,549 com.webtest.utils.Log - com.webtest.demo.Front_Login_Test@614ca7df-KnowLedge运行失败，需要截屏
[ERROR] 2018-11-30 10:41:57,465 com.webtest.utils.Log - com.webtest.demo.Front_Login_Test@614ca7df-LoginFail运行失败，需要截屏
[ERROR] 2018-11-30 10:42:04,944 com.webtest.utils.Log - com.webtest.demo.Front_Login_Test@614ca7df-KnowLedge运行失败，需要截屏
[ERROR] 2018-11-30 11:05:22,840 com.webtest.utils.Log - com.webtest.demo.Front_Login_Test@614ca7df-LoginFail运行失败，需要截屏
[ERROR] 2018-11-30 11:05:30,674 com.webtest.utils.Log - com.webtest.demo.Front_Login_Test@614ca7df-LoginSuccess运行失败，需要截屏
[ERROR] 2018-11-30 11:09:06,708 com.webtest.utils.Log - com.webtest.demo.Front_Login_Test@614ca7df-LoginFail运行失败，需要截屏
[ERROR] 2018-11-30 11:09:53,968 com.webtest.utils.Log - com.webtest.demo.Front_Login_Test@614ca7df-LoginFail运行失败，需要截屏
[ERROR] 2018-11-30 11:12:26,705 com.webtest.utils.Log - com.webtest.demo.Front_Login_Test@614ca7df-LoginFail运行失败，需要截屏
[ERROR] 2018-11-30 11:14:29,102 com.webtest.utils.Log - com.webtest.demo.Front_Login_Test@614ca7df-LoginFail运行失败，需要截屏
[ERROR] 2018-11-30 11:15:24,900 com.webtest.utils.Log - com.webtest.demo.Front_Login_Test@614ca7df-LoginFail运行失败，需要截屏
[ERROR] 2018-12-04 17:17:48,272 com.webtest.utils.Log - com.webtest.demo.Front_Login_Test@4738a206-LoginFail运行失败，需要截屏
[ERROR] 2018-12-04 17:50:48,764 com.webtest.utils.Log - com.webtest.demo.Front_Login_Test@4738a206-LoginFail运行失败，需要截屏
[ERROR] 2018-12-04 17:57:11,024 com.webtest.utils.Log - com.webtest.demo.Front_Login_Test@4738a206-LoginFail运行失败，需要截屏
[ERROR] 2018-12-05 15:50:57,973 com.webtest.utils.Log - com.webtest.demo.Front_Test@1e04fa0a-Message运行失败，需要截屏
[ERROR] 2018-12-05 15:51:20,067 com.webtest.utils.Log - com.webtest.demo.Front_Test@1e04fa0a-Message运行失败，需要截屏
[ERROR] 2018-12-05 15:53:58,222 com.webtest.utils.Log - com.webtest.demo.Front_Test@1e04fa0a-Message运行失败，需要截屏
[ERROR] 2018-12-05 15:59:27,321 com.webtest.utils.Log - com.webtest.demo.Front_Test@1e04fa0a-Message运行失败，需要截屏
[ERROR] 2018-12-05 16:04:45,287 com.webtest.utils.Log - com.webtest.demo.Front_Test@1e04fa0a-Message运行失败，需要截屏
[ERROR] 2018-12-05 16:08:10,873 com.webtest.utils.Log - com.webtest.demo.Front_Test@66d3eec0-LoginFail运行失败，需要截屏
[ERROR] 2018-12-05 16:09:03,017 com.webtest.utils.Log - com.webtest.demo.Front_Test@66d3eec0-Message运行失败，需要截屏
[ERROR] 2018-12-05 16:23:39,564 com.webtest.utils.Log - com.webtest.demo.Front_Test@66d3eec0-LoginFail运行失败，需要截屏
[ERROR] 2018-12-05 16:24:30,213 com.webtest.utils.Log - com.webtest.demo.Front_Test@66d3eec0-Message运行失败，需要截屏
[ERROR] 2018-12-05 16:28:14,666 com.webtest.utils.Log - com.webtest.demo.Front_Test@66d3eec0-LoginFail运行失败，需要截屏
[ERROR] 2018-12-05 16:29:05,816 com.webtest.utils.Log - com.webtest.demo.Front_Test@66d3eec0-Message运行失败，需要截屏
[ERROR] 2018-12-05 16:34:42,042 com.webtest.utils.Log - com.webtest.demo.Front_Test@6cd28fa7-Message2运行失败，需要截屏
[ERROR] 2018-12-05 16:37:58,064 com.webtest.utils.Log - com.webtest.demo.Front_Test@6cd28fa7-Message2运行失败，需要截屏
[ERROR] 2018-12-05 16:43:59,648 com.webtest.utils.Log - com.webtest.demo.Front_Test@6cd28fa7-Message3运行失败，需要截屏
[ERROR] 2018-12-05 17:04:16,877 com.webtest.utils.Log - com.webtest.demo.Front_Test@6cd28fa7-Message3运行失败，需要截屏
[ERROR] 2018-12-05 17:06:54,488 com.webtest.utils.Log - com.webtest.demo.Front_Test@6cd28fa7-Message3运行失败，需要截屏
[ERROR] 2018-12-05 17:11:28,145 com.webtest.utils.Log - com.webtest.demo.Front_Test@6cd28fa7-Message3运行失败，需要截屏
[ERROR] 2018-12-05 17:20:43,977 com.webtest.utils.Log - com.webtest.demo.Front_Test@6cd28fa7-Search运行失败，需要截屏
[ERROR] 2018-12-05 17:23:21,263 com.webtest.utils.Log - com.webtest.demo.Front_Test@6cd28fa7-Search运行失败，需要截屏
[ERROR] 2018-12-05 17:30:12,806 com.webtest.utils.Log - com.webtest.demo.Front_Test@6cd28fa7-Search2运行失败，需要截屏
[ERROR] 2018-12-05 17:32:33,057 com.webtest.utils.Log - com.webtest.demo.Front_Test@6cd28fa7-Search2运行失败，需要截屏
[ERROR] 2018-12-05 17:38:57,275 com.webtest.utils.Log - com.webtest.demo.Front_Test@6cd28fa7-Search3运行失败，需要截屏
[ERROR] 2018-12-05 17:51:52,333 com.webtest.utils.Log - com.webtest.demo.Front_Test@6cd28fa7-Search3运行失败，需要截屏
[ERROR] 2018-12-05 18:01:27,667 com.webtest.utils.Log - com.webtest.demo.Front_Test@614ca7df-Deletekn2运行失败，需要截屏
[ERROR] 2018-12-05 18:01:38,155 com.webtest.utils.Log - com.webtest.demo.Front_Test@614ca7df-Tz运行失败，需要截屏
[ERROR] 2018-12-05 18:11:23,538 com.webtest.utils.Log - com.webtest.demo.Front_Test@6cd28fa7-Forum运行失败，需要截屏
[ERROR] 2018-12-05 18:12:14,890 com.webtest.utils.Log - com.webtest.demo.Front_Test@6cd28fa7-LoginSuccess运行失败，需要截屏
[ERROR] 2018-12-05 18:12:20,176 com.webtest.utils.Log - com.webtest.demo.Front_Test@6cd28fa7-Forum运行失败，需要截屏
[ERROR] 2018-12-05 18:12:24,991 com.webtest.utils.Log - com.webtest.demo.Front_Test@6cd28fa7-Forum运行失败，需要截屏
[ERROR] 2018-12-05 18:14:16,011 com.webtest.utils.Log - com.webtest.demo.Front_Test@6cd28fa7-Forum运行失败，需要截屏
[ERROR] 2018-12-05 18:15:19,553 com.webtest.utils.Log - com.webtest.demo.Front_Test@6cd28fa7-Forum运行失败，需要截屏
[ERROR] 2018-12-05 18:35:57,375 com.webtest.utils.Log - com.webtest.demo.Front_Test@6cd28fa7-Forum运行失败，需要截屏
[ERROR] 2018-12-05 18:38:29,626 com.webtest.utils.Log - com.webtest.demo.Front_Test@6cd28fa7-Forum运行失败，需要截屏
[ERROR] 2018-12-05 18:40:12,750 com.webtest.utils.Log - com.webtest.demo.Front_Test@6cd28fa7-Forum运行失败，需要截屏
[ERROR] 2018-12-05 18:42:16,219 com.webtest.utils.Log - com.webtest.demo.Front_Test@6cd28fa7-Forum运行失败，需要截屏
[ERROR] 2018-12-05 18:49:22,461 com.webtest.utils.Log - com.webtest.demo.Front_Test@6cd28fa7-Forum2运行失败，需要截屏
[ERROR] 2018-12-05 18:56:04,784 com.webtest.utils.Log - com.webtest.demo.Front_Test@6cd28fa7-Forum3运行失败，需要截屏
[ERROR] 2018-12-05 19:28:33,315 com.webtest.utils.Log - com.webtest.demo.Front_Test@6cd28fa7-Tz2运行失败，需要截屏
[ERROR] 2018-12-05 19:50:04,147 com.webtest.utils.Log - com.webtest.demo.Front_Test@6cd28fa7-Tz5运行失败，需要截屏
[ERROR] 2018-12-05 20:12:34,553 com.webtest.utils.Log - com.webtest.demo.Front_Test@6cd28fa7-Upload运行失败，需要截屏
[ERROR] 2018-12-05 20:16:52,339 com.webtest.utils.Log - com.webtest.demo.Front_Test@6cd28fa7-Upload运行失败，需要截屏
[ERROR] 2018-12-05 20:18:34,355 com.webtest.utils.Log - com.webtest.demo.Front_Test@6cd28fa7-Upload运行失败，需要截屏
[ERROR] 2018-12-05 20:22:33,348 com.webtest.utils.Log - com.webtest.demo.Front_Test@6cd28fa7-Upload运行失败，需要截屏
[ERROR] 2018-12-05 20:26:48,692 com.webtest.utils.Log - com.webtest.demo.Front_Test@6cd28fa7-Upload运行失败，需要截屏
[ERROR] 2018-12-05 20:27:42,706 com.webtest.utils.Log - com.webtest.demo.Front_Test@6cd28fa7-Upload运行失败，需要截屏
[ERROR] 2018-12-06 10:54:16,442 com.webtest.utils.Log - com.webtest.demo.Front_Test@6cd28fa7-Upload运行失败，需要截屏
[ERROR] 2018-12-06 10:56:03,142 com.webtest.utils.Log - com.webtest.demo.Front_Test@6cd28fa7-Upload运行失败，需要截屏
[ERROR] 2018-12-06 10:57:07,092 com.webtest.utils.Log - com.webtest.demo.Front_Test@6cd28fa7-Upload运行失败，需要截屏
[ERROR] 2018-12-06 11:09:40,370 com.webtest.utils.Log - com.webtest.demo.Front_Test@6cd28fa7-Deletefile运行失败，需要截屏
[ERROR] 2018-12-06 11:16:39,446 com.webtest.utils.Log - com.webtest.demo.Front_Test@6cd28fa7-Deletefile3运行失败，需要截屏
[ERROR] 2018-12-06 11:31:06,699 com.webtest.utils.Log - com.webtest.demo.Front_Test@6cd28fa7-Share运行失败，需要截屏
[ERROR] 2018-12-06 11:40:53,034 com.webtest.utils.Log - com.webtest.demo.Front_Test@6cd28fa7-Newfile2运行失败，需要截屏
[ERROR] 2018-12-06 11:42:43,434 com.webtest.utils.Log - com.webtest.demo.Front_Test@6cd28fa7-Newfile2运行失败，需要截屏
[ERROR] 2018-12-06 11:46:16,694 com.webtest.utils.Log - com.webtest.demo.Front_Test@6cd28fa7-Newfile2运行失败，需要截屏
[ERROR] 2018-12-06 11:48:19,902 com.webtest.utils.Log - com.webtest.demo.Front_Test@6cd28fa7-Newfile2运行失败，需要截屏
[ERROR] 2018-12-06 12:03:31,573 com.webtest.utils.Log - com.webtest.demo.Front_Test@6cd28fa7-Newfile4运行失败，需要截屏
[ERROR] 2018-12-06 12:09:20,832 com.webtest.utils.Log - com.webtest.demo.Front_Test@6cd28fa7-Newfile5运行失败，需要截屏
[ERROR] 2018-12-06 12:23:36,963 com.webtest.utils.Log - com.webtest.demo.Front_Test@6cd28fa7-Search5运行失败，需要截屏
[ERROR] 2018-12-06 12:35:49,778 com.webtest.utils.Log - com.webtest.demo.Front_Test@6cd28fa7-Move2运行失败，需要截屏
[ERROR] 2018-12-07 15:53:24,608 com.webtest.utils.Log - com.webtest.demo.Test42@7e7be63f-Move2运行失败，需要截屏
[ERROR] 2018-12-14 10:07:02,346 com.webtest.utils.Log - com.webtest.demo.Test37@7e7be63f-Deletefile4运行失败，需要截屏
[ERROR] 2018-12-14 10:10:29,423 com.webtest.utils.Log - com.webtest.demo.Test37@7e7be63f-Deletefile4运行失败，需要截屏
[ERROR] 2018-12-14 10:19:43,341 com.webtest.utils.Log - com.webtest.demo.Test37@7e7be63f-Deletefile4运行失败，需要截屏
[ERROR] 2018-12-14 10:19:43,743 com.webtest.utils.Log - com.webtest.demo.Test37@7e7be63f-Deletefile4运行失败，需要截屏
[ERROR] 2018-12-14 10:20:02,409 com.webtest.utils.Log - com.webtest.demo.Test37@7e7be63f-Deletefile4运行失败，需要截屏
[ERROR] 2018-12-14 10:27:54,822 com.webtest.utils.Log - com.webtest.demo.Test37@7e7be63f-Deletefile4运行失败，需要截屏
[ERROR] 2018-12-14 10:56:17,125 com.webtest.utils.Log - com.webtest.demo.Test37@7e7be63f-Deletefile4运行失败，需要截屏
[ERROR] 2018-12-14 10:57:45,546 com.webtest.utils.Log - com.webtest.demo.Test37@7e7be63f-Deletefile4运行失败，需要截屏
[ERROR] 2018-12-14 10:59:37,942 com.webtest.utils.Log - com.webtest.demo.Test2@7e7be63f-Others运行失败，需要截屏
[ERROR] 2018-12-14 11:13:32,509 com.webtest.utils.Log - com.webtest.demo.Test27@7e7be63f-Deletefile2运行失败，需要截屏
[ERROR] 2018-12-14 11:15:04,671 com.webtest.utils.Log - com.webtest.demo.Test27@7e7be63f-Deletefile2运行失败，需要截屏
[ERROR] 2018-12-14 11:16:48,686 com.webtest.utils.Log - com.webtest.demo.Test27@7e7be63f-Deletefile2运行失败，需要截屏
[ERROR] 2018-12-14 11:57:32,871 com.webtest.utils.Log - com.webtest.demo.Front_Login_Test@4d0d9fe7-LoginFail运行失败，需要截屏
[ERROR] 2018-12-14 11:57:34,422 com.webtest.utils.Log - com.webtest.demo.Front_Login_Test@4d0d9fe7-LoginFail运行失败，需要截屏
[ERROR] 2018-12-14 11:58:24,316 com.webtest.utils.Log - com.webtest.demo.Test2@312aa7c-Others运行失败，需要截屏
[ERROR] 2018-12-14 11:58:24,533 com.webtest.utils.Log - com.webtest.demo.Test2@312aa7c-Others运行失败，需要截屏
[ERROR] 2018-12-14 12:03:43,564 com.webtest.utils.Log - com.webtest.demo.Test10@65987993-Deletekn2运行失败，需要截屏
[ERROR] 2018-12-14 12:03:43,727 com.webtest.utils.Log - com.webtest.demo.Test10@65987993-Deletekn2运行失败，需要截屏
[ERROR] 2018-12-14 12:10:18,014 com.webtest.utils.Log - com.webtest.demo.Test25@1a245833-Rename运行失败，需要截屏
[ERROR] 2018-12-14 12:10:18,142 com.webtest.utils.Log - com.webtest.demo.Test25@1a245833-Rename运行失败，需要截屏
[ERROR] 2018-12-14 12:12:51,770 com.webtest.utils.Log - com.webtest.demo.Test29@4201c465-Share运行失败，需要截屏
[ERROR] 2018-12-14 12:12:51,961 com.webtest.utils.Log - com.webtest.demo.Test29@4201c465-Share运行失败，需要截屏
[ERROR] 2018-12-14 12:13:28,327 com.webtest.utils.Log - com.webtest.demo.Test32@5b799640-Newfile运行失败，需要截屏
[ERROR] 2018-12-14 12:13:28,499 com.webtest.utils.Log - com.webtest.demo.Test32@5b799640-Newfile运行失败，需要截屏
[ERROR] 2018-12-14 12:14:06,715 com.webtest.utils.Log - com.webtest.demo.Test33@6cb107fd-Newfile2运行失败，需要截屏
[ERROR] 2018-12-14 12:14:06,915 com.webtest.utils.Log - com.webtest.demo.Test33@6cb107fd-Newfile2运行失败，需要截屏
[ERROR] 2018-12-14 12:14:45,807 com.webtest.utils.Log - com.webtest.demo.Test34@710636b0-Newfile3运行失败，需要截屏
[ERROR] 2018-12-14 12:14:45,998 com.webtest.utils.Log - com.webtest.demo.Test34@710636b0-Newfile3运行失败，需要截屏
[ERROR] 2018-12-14 12:15:23,411 com.webtest.utils.Log - com.webtest.demo.Test35@3de8f619-Newfile4运行失败，需要截屏
[ERROR] 2018-12-14 12:15:23,563 com.webtest.utils.Log - com.webtest.demo.Test35@3de8f619-Newfile4运行失败，需要截屏
[ERROR] 2018-12-14 12:16:01,083 com.webtest.utils.Log - com.webtest.demo.Test36@2ab4bc72-Newfile5运行失败，需要截屏
[ERROR] 2018-12-14 12:16:01,239 com.webtest.utils.Log - com.webtest.demo.Test36@2ab4bc72-Newfile5运行失败，需要截屏
[ERROR] 2018-12-14 12:19:07,001 com.webtest.utils.Log - com.webtest.demo.Test41@43f02ef2-Move运行失败，需要截屏
[ERROR] 2018-12-14 12:19:07,137 com.webtest.utils.Log - com.webtest.demo.Test41@43f02ef2-Move运行失败，需要截屏
[ERROR] 2018-12-14 12:19:47,154 com.webtest.utils.Log - com.webtest.demo.Test42@239a307b-Move2运行失败，需要截屏
[ERROR] 2018-12-14 12:19:47,296 com.webtest.utils.Log - com.webtest.demo.Test42@239a307b-Move2运行失败，需要截屏
[ERROR] 2018-12-14 12:19:49,190 com.webtest.utils.Log - com.webtest.demo.Front_Login_Test@4d0d9fe7-LoginSuccess运行失败，需要截屏
[ERROR] 2018-12-14 12:19:49,201 com.webtest.utils.Log - com.webtest.demo.Front_Login_Test@4d0d9fe7-LoginSuccess运行失败，需要截屏
